[19/11/2019 14:34:21]	Added route for Create a new working group @ newworkinggroup
[19/11/2019 14:34:21]	Added route for List all working groups @ ^workinggroups$
[19/11/2019 14:34:21]	Added route for Create a new role @ ^newrole$
[19/11/2019 14:34:21]	Added route for List all roles @ ^roles$
[19/11/2019 14:34:21]	Added route for Register a new user @ ^register
[19/11/2019 14:34:21]	Added route for Create a new rebellion @ newrebellion
[19/11/2019 14:34:21]	Added route for List all rebellions @ ^rebellions$
[19/11/2019 14:34:21]	Added route for Create a new local group @ ^newlocalgroup
[19/11/2019 14:34:21]	Added route for List all local groups @ ^localgroups$
[19/11/2019 14:35:03]	Unexpected content while parsing JSON. Path '', line 1, position 3.
[19/11/2019 14:35:03]	   at Newtonsoft.Json.JsonTextReader.ParseConstructor()
   at Newtonsoft.Json.JsonTextReader.ParseValue()
   at Newtonsoft.Json.JsonTextReader.Read()
   at Newtonsoft.Json.JsonReader.ReadForType(JsonContract contract, Boolean hasConverter)
   at Newtonsoft.Json.Serialization.JsonSerializerInternalReader.Deserialize(JsonReader reader, Type objectType, Boolean checkAdditionalContent)
   at Newtonsoft.Json.JsonSerializer.DeserializeInternal(JsonReader reader, Type objectType)
   at Newtonsoft.Json.JsonConvert.DeserializeObject(String value, Type type, JsonSerializerSettings settings)
   at Newtonsoft.Json.JsonConvert.DeserializeObject[T](String value, JsonSerializerSettings settings)
   at Newtonsoft.Json.JsonConvert.DeserializeObject[T](String value)
   at SimpleHttpServer.REST.JsonViewUtility.PatchObject[T](T targetObject, Dictionary`2 values, EPermissionLevel visibility, Object requester, String passphrase) in C:\Users\gbfinnes\github\dodo\SimpleHttpServer\REST\JsonViewUtility.cs:line 289
[19/11/2019 14:35:03]	Resource not found with GUID e226bc06-79ff-4e5d-9ef6-e2456df21148
[19/11/2019 14:35:03]	   at SimpleHttpServer.REST.ResourceReference`1.CheckValue() in C:\Users\gbfinnes\github\dodo\SimpleHttpServer\REST\ResourceReference.cs:line 41
   at SimpleHttpServer.REST.JsonViewUtility.PatchObject[T](T targetObject, Dictionary`2 values, EPermissionLevel visibility, Object requester, String passphrase) in C:\Users\gbfinnes\github\dodo\SimpleHttpServer\REST\JsonViewUtility.cs:line 189
   at SimpleHttpServer.REST.JsonViewUtility.PatchObject[T](T targetObject, Dictionary`2 values, EPermissionLevel visibility, Object requester, String passphrase) in C:\Users\gbfinnes\github\dodo\SimpleHttpServer\REST\JsonViewUtility.cs:line 290
[19/11/2019 14:35:03]	Object of type 'Newtonsoft.Json.Linq.JObject' cannot be converted to type 'SimpleHttpServer.REST.ResourceReference`1[Dodo.LocalGroups.LocalGroup]'.
[19/11/2019 14:35:03]	   at System.RuntimeType.TryChangeType(Object value, Binder binder, CultureInfo culture, Boolean needsSpecialCast)
   at System.RuntimeType.CheckValue(Object value, Binder binder, CultureInfo culture, BindingFlags invokeAttr)
   at System.Reflection.RtFieldInfo.InternalSetValue(Object obj, Object value, BindingFlags invokeAttr, Binder binder, CultureInfo culture, StackCrawlMark& stackMark)
   at System.Reflection.RtFieldInfo.SetValue(Object obj, Object value, BindingFlags invokeAttr, Binder binder, CultureInfo culture)
   at System.Reflection.FieldInfo.SetValue(Object obj, Object value)
   at SimpleHttpServer.REST.JsonViewUtility.PatchObject[T](T targetObject, Dictionary`2 values, EPermissionLevel visibility, Object requester, String passphrase) in C:\Users\gbfinnes\github\dodo\SimpleHttpServer\REST\JsonViewUtility.cs:line 308
   at SimpleHttpServer.REST.ObjectRESTHandler`1.UpdateObject(HttpRequest request) in C:\Users\gbfinnes\github\dodo\SimpleHttpServer\REST\ObjectRESTHandler.cs:line 118
   at SimpleHttpServer.REST.ObjectRESTHandler`1.<AddRoutes>b__0_1(HttpRequest req) in C:\Users\gbfinnes\github\dodo\SimpleHttpServer\REST\ObjectRESTHandler.cs:line 24
   at SimpleHttpServer.REST.RESTHandler.<>c__DisplayClass1_0.<WrapRawCall>b__0(HttpRequest req) in C:\Users\gbfinnes\github\dodo\SimpleHttpServer\REST\RESTHandler.cs:line 44
[19/11/2019 14:35:56]	Unexpected content while parsing JSON. Path '', line 1, position 3.
[19/11/2019 14:35:56]	   at Newtonsoft.Json.JsonTextReader.ParseConstructor()
   at Newtonsoft.Json.JsonTextReader.ParseValue()
   at Newtonsoft.Json.JsonTextReader.Read()
   at Newtonsoft.Json.JsonReader.ReadForType(JsonContract contract, Boolean hasConverter)
   at Newtonsoft.Json.Serialization.JsonSerializerInternalReader.Deserialize(JsonReader reader, Type objectType, Boolean checkAdditionalContent)
   at Newtonsoft.Json.JsonSerializer.DeserializeInternal(JsonReader reader, Type objectType)
   at Newtonsoft.Json.JsonConvert.DeserializeObject(String value, Type type, JsonSerializerSettings settings)
   at Newtonsoft.Json.JsonConvert.DeserializeObject[T](String value, JsonSerializerSettings settings)
   at Newtonsoft.Json.JsonConvert.DeserializeObject[T](String value)
   at SimpleHttpServer.REST.JsonViewUtility.PatchObject[T](T targetObject, Dictionary`2 values, EPermissionLevel visibility, Object requester, String passphrase) in C:\Users\gbfinnes\github\dodo\SimpleHttpServer\REST\JsonViewUtility.cs:line 289
[19/11/2019 14:36:41]	Resource not found with GUID e226bc06-79ff-4e5d-9ef6-e2456df21148
[19/11/2019 14:36:41]	   at SimpleHttpServer.REST.ResourceReference`1.CheckValue() in C:\Users\gbfinnes\github\dodo\SimpleHttpServer\REST\ResourceReference.cs:line 41
   at SimpleHttpServer.REST.JsonViewUtility.PatchObject[T](T targetObject, Dictionary`2 values, EPermissionLevel visibility, Object requester, String passphrase) in C:\Users\gbfinnes\github\dodo\SimpleHttpServer\REST\JsonViewUtility.cs:line 189
   at SimpleHttpServer.REST.JsonViewUtility.PatchObject[T](T targetObject, Dictionary`2 values, EPermissionLevel visibility, Object requester, String passphrase) in C:\Users\gbfinnes\github\dodo\SimpleHttpServer\REST\JsonViewUtility.cs:line 290
[19/11/2019 14:36:48]	Object of type 'Newtonsoft.Json.Linq.JObject' cannot be converted to type 'SimpleHttpServer.REST.ResourceReference`1[Dodo.LocalGroups.LocalGroup]'.
[19/11/2019 14:36:48]	   at System.RuntimeType.TryChangeType(Object value, Binder binder, CultureInfo culture, Boolean needsSpecialCast)
   at System.RuntimeType.CheckValue(Object value, Binder binder, CultureInfo culture, BindingFlags invokeAttr)
   at System.Reflection.RtFieldInfo.InternalSetValue(Object obj, Object value, BindingFlags invokeAttr, Binder binder, CultureInfo culture, StackCrawlMark& stackMark)
   at System.Reflection.RtFieldInfo.SetValue(Object obj, Object value, BindingFlags invokeAttr, Binder binder, CultureInfo culture)
   at System.Reflection.FieldInfo.SetValue(Object obj, Object value)
   at SimpleHttpServer.REST.JsonViewUtility.PatchObject[T](T targetObject, Dictionary`2 values, EPermissionLevel visibility, Object requester, String passphrase) in C:\Users\gbfinnes\github\dodo\SimpleHttpServer\REST\JsonViewUtility.cs:line 308
   at SimpleHttpServer.REST.ObjectRESTHandler`1.UpdateObject(HttpRequest request) in C:\Users\gbfinnes\github\dodo\SimpleHttpServer\REST\ObjectRESTHandler.cs:line 118
   at SimpleHttpServer.REST.ObjectRESTHandler`1.<AddRoutes>b__0_1(HttpRequest req) in C:\Users\gbfinnes\github\dodo\SimpleHttpServer\REST\ObjectRESTHandler.cs:line 24
   at SimpleHttpServer.REST.RESTHandler.<>c__DisplayClass1_0.<WrapRawCall>b__0(HttpRequest req) in C:\Users\gbfinnes\github\dodo\SimpleHttpServer\REST\RESTHandler.cs:line 44
[19/11/2019 14:37:29]	Added route for Create a new working group @ newworkinggroup
[19/11/2019 14:37:29]	Added route for List all working groups @ ^workinggroups$
[19/11/2019 14:37:29]	Added route for Create a new role @ ^newrole$
[19/11/2019 14:37:29]	Added route for List all roles @ ^roles$
[19/11/2019 14:37:29]	Added route for Register a new user @ ^register
[19/11/2019 14:37:29]	Added route for Create a new rebellion @ newrebellion
[19/11/2019 14:37:29]	Added route for List all rebellions @ ^rebellions$
[19/11/2019 14:37:29]	Added route for Create a new local group @ ^newlocalgroup
[19/11/2019 14:37:29]	Added route for List all local groups @ ^localgroups$
[19/11/2019 14:37:38]	Exception has been thrown by the target of an invocation.
[19/11/2019 14:37:38]	   at System.RuntimeMethodHandle.InvokeMethod(Object target, Object[] arguments, Signature sig, Boolean constructor)
   at System.Reflection.RuntimeMethodInfo.UnsafeInvokeInternal(Object obj, Object[] parameters, Object[] arguments)
   at System.Reflection.RuntimeMethodInfo.Invoke(Object obj, BindingFlags invokeAttr, Binder binder, Object[] parameters, CultureInfo culture)
   at System.Reflection.MethodBase.Invoke(Object obj, Object[] parameters)
   at SimpleHttpServer.REST.RESTHandler.<>c__DisplayClass0_0.<AddRoutes>b__1(HttpRequest req) in C:\Users\gbfinnes\github\dodo\SimpleHttpServer\REST\RESTHandler.cs:line 33
   at SimpleHttpServer.REST.RESTHandler.<>c__DisplayClass1_0.<WrapRawCall>b__0(HttpRequest req) in C:\Users\gbfinnes\github\dodo\SimpleHttpServer\REST\RESTHandler.cs:line 44
[19/11/2019 14:37:38]	Inner exception: 
[19/11/2019 14:37:38]	You need to login
[19/11/2019 14:37:38]	   at Dodo.Rebellions.RebellionRESTHandler.CreateFromSchema(HttpRequest request, Object info) in C:\Users\gbfinnes\github\dodo\Dodo\Resources\Rebellion\RebellionRESTHandler.cs:line 50
   at System.Dynamic.UpdateDelegates.UpdateAndExecute3[T0,T1,T2,TRet](CallSite site, T0 arg0, T1 arg1, T2 arg2)
   at SimpleHttpServer.REST.ObjectRESTHandler`1.CreateObject(HttpRequest request) in C:\Users\gbfinnes\github\dodo\SimpleHttpServer\REST\ObjectRESTHandler.cs:line 71
   at Dodo.Rebellions.RebellionRESTHandler.Register(HttpRequest request) in C:\Users\gbfinnes\github\dodo\Dodo\Resources\Rebellion\RebellionRESTHandler.cs:line 20
[19/11/2019 14:38:21]	Exception has been thrown by the target of an invocation.
[19/11/2019 14:38:21]	   at System.RuntimeMethodHandle.InvokeMethod(Object target, Object[] arguments, Signature sig, Boolean constructor)
   at System.Reflection.RuntimeMethodInfo.UnsafeInvokeInternal(Object obj, Object[] parameters, Object[] arguments)
   at System.Reflection.RuntimeMethodInfo.Invoke(Object obj, BindingFlags invokeAttr, Binder binder, Object[] parameters, CultureInfo culture)
   at System.Reflection.MethodBase.Invoke(Object obj, Object[] parameters)
   at SimpleHttpServer.REST.RESTHandler.<>c__DisplayClass0_0.<AddRoutes>b__1(HttpRequest req) in C:\Users\gbfinnes\github\dodo\SimpleHttpServer\REST\RESTHandler.cs:line 33
   at SimpleHttpServer.REST.RESTHandler.<>c__DisplayClass1_0.<WrapRawCall>b__0(HttpRequest req) in C:\Users\gbfinnes\github\dodo\SimpleHttpServer\REST\RESTHandler.cs:line 44
[19/11/2019 14:38:21]	Inner exception: 
[19/11/2019 14:38:21]	Failed to deserialise JSON. Expected:
 {
  "RebellionGUID": "",
  "ParentGroup": "",
  "WorkingGroupName": ""
}
[19/11/2019 14:38:21]	   at SimpleHttpServer.REST.ObjectRESTHandler`1.CreateObject(HttpRequest request) in C:\Users\gbfinnes\github\dodo\SimpleHttpServer\REST\ObjectRESTHandler.cs:line 79
   at Dodo.WorkingGroups.WorkingGroupRESTHandler.Create(HttpRequest request) in C:\Users\gbfinnes\github\dodo\Dodo\Resources\WorkingGroup\WorkingGroupRESTHandler.cs:line 22
[19/11/2019 14:38:35]	Exception has been thrown by the target of an invocation.
[19/11/2019 14:38:35]	   at System.RuntimeMethodHandle.InvokeMethod(Object target, Object[] arguments, Signature sig, Boolean constructor)
   at System.Reflection.RuntimeMethodInfo.UnsafeInvokeInternal(Object obj, Object[] parameters, Object[] arguments)
   at System.Reflection.RuntimeMethodInfo.Invoke(Object obj, BindingFlags invokeAttr, Binder binder, Object[] parameters, CultureInfo culture)
   at System.Reflection.MethodBase.Invoke(Object obj, Object[] parameters)
   at SimpleHttpServer.REST.RESTHandler.<>c__DisplayClass0_0.<AddRoutes>b__1(HttpRequest req) in C:\Users\gbfinnes\github\dodo\SimpleHttpServer\REST\RESTHandler.cs:line 33
   at SimpleHttpServer.REST.RESTHandler.<>c__DisplayClass1_0.<WrapRawCall>b__0(HttpRequest req) in C:\Users\gbfinnes\github\dodo\SimpleHttpServer\REST\RESTHandler.cs:line 44
[19/11/2019 14:38:35]	Inner exception: 
[19/11/2019 14:38:35]	Failed to deserialise JSON. Expected:
 {
  "RebellionGUID": "",
  "ParentGroup": "",
  "WorkingGroupName": ""
}
[19/11/2019 14:38:35]	   at SimpleHttpServer.REST.ObjectRESTHandler`1.CreateObject(HttpRequest request) in C:\Users\gbfinnes\github\dodo\SimpleHttpServer\REST\ObjectRESTHandler.cs:line 79
   at Dodo.WorkingGroups.WorkingGroupRESTHandler.Create(HttpRequest request) in C:\Users\gbfinnes\github\dodo\Dodo\Resources\WorkingGroup\WorkingGroupRESTHandler.cs:line 22
[19/11/2019 14:39:46]	Exception has been thrown by the target of an invocation.
[19/11/2019 14:39:46]	   at System.RuntimeMethodHandle.InvokeMethod(Object target, Object[] arguments, Signature sig, Boolean constructor)
   at System.Reflection.RuntimeMethodInfo.UnsafeInvokeInternal(Object obj, Object[] parameters, Object[] arguments)
   at System.Reflection.RuntimeMethodInfo.Invoke(Object obj, BindingFlags invokeAttr, Binder binder, Object[] parameters, CultureInfo culture)
   at System.Reflection.MethodBase.Invoke(Object obj, Object[] parameters)
   at SimpleHttpServer.REST.RESTHandler.<>c__DisplayClass0_0.<AddRoutes>b__1(HttpRequest req) in C:\Users\gbfinnes\github\dodo\SimpleHttpServer\REST\RESTHandler.cs:line 33
   at SimpleHttpServer.REST.RESTHandler.<>c__DisplayClass1_0.<WrapRawCall>b__0(HttpRequest req) in C:\Users\gbfinnes\github\dodo\SimpleHttpServer\REST\RESTHandler.cs:line 44
[19/11/2019 14:39:46]	Inner exception: 
[19/11/2019 14:39:46]	Failed to deserialise JSON. Expected:
 {
  "RebellionGUID": "",
  "ParentGroup": "",
  "WorkingGroupName": ""
}
[19/11/2019 14:39:46]	   at SimpleHttpServer.REST.ObjectRESTHandler`1.CreateObject(HttpRequest request) in C:\Users\gbfinnes\github\dodo\SimpleHttpServer\REST\ObjectRESTHandler.cs:line 79
   at Dodo.WorkingGroups.WorkingGroupRESTHandler.Create(HttpRequest request)
[19/11/2019 17:16:28]	Added route for Create a new working group @ newworkinggroup
[19/11/2019 17:16:28]	Added route for List all working groups @ ^workinggroups$
[19/11/2019 17:16:28]	Added route for Create a new role @ ^newrole$
[19/11/2019 17:16:28]	Added route for List all roles @ ^roles$
[19/11/2019 17:16:28]	Added route for Register a new user @ ^register
[19/11/2019 17:16:28]	Added route for Create a new rebellion @ newrebellion
[19/11/2019 17:16:28]	Added route for List all rebellions @ ^rebellions$
[19/11/2019 17:16:28]	Added route for Create a new local group @ ^newlocalgroup
[19/11/2019 17:16:28]	Added route for List all local groups @ ^localgroups$
[19/11/2019 17:18:43]	Unexpected character encountered while parsing value: T. Path '', line 0, position 0.
[19/11/2019 17:18:43]	   at Newtonsoft.Json.JsonTextReader.ParseValue()
   at Newtonsoft.Json.JsonTextReader.Read()
   at Newtonsoft.Json.JsonReader.ReadForType(JsonContract contract, Boolean hasConverter)
   at Newtonsoft.Json.Serialization.JsonSerializerInternalReader.Deserialize(JsonReader reader, Type objectType, Boolean checkAdditionalContent)
   at Newtonsoft.Json.JsonSerializer.DeserializeInternal(JsonReader reader, Type objectType)
   at Newtonsoft.Json.JsonConvert.DeserializeObject(String value, Type type, JsonSerializerSettings settings)
   at Newtonsoft.Json.JsonConvert.DeserializeObject[T](String value, JsonSerializerSettings settings)
   at Newtonsoft.Json.JsonConvert.DeserializeObject[T](String value)
   at SimpleHttpServer.REST.JsonViewUtility.PatchObject[T](T targetObject, Dictionary`2 values, EPermissionLevel visibility, Object requester, String passphrase) in C:\Users\gbfinnes\github\dodo\SimpleHttpServer\REST\JsonViewUtility.cs:line 289
[19/11/2019 18:00:29]	Added route for Create a new working group @ newworkinggroup
[19/11/2019 18:00:29]	Added route for List all working groups @ ^workinggroups$
[19/11/2019 18:00:29]	Added route for Create a new role @ ^newrole$
[19/11/2019 18:00:29]	Added route for List all roles @ ^roles$
[19/11/2019 18:00:29]	Added route for Register a new user @ ^register
[19/11/2019 18:00:29]	Added route for Create a new rebellion @ newrebellion
[19/11/2019 18:00:29]	Added route for List all rebellions @ ^rebellions$
[19/11/2019 18:00:29]	Added route for Create a new local group @ ^newlocalgroup
[19/11/2019 18:00:29]	Added route for List all local groups @ ^localgroups$
[19/11/2019 18:00:31]	Exception has been thrown by the target of an invocation.
[19/11/2019 18:00:31]	   at System.RuntimeMethodHandle.InvokeMethod(Object target, Object[] arguments, Signature sig, Boolean constructor)
   at System.Reflection.RuntimeMethodInfo.UnsafeInvokeInternal(Object obj, Object[] parameters, Object[] arguments)
   at System.Reflection.RuntimeMethodInfo.Invoke(Object obj, BindingFlags invokeAttr, Binder binder, Object[] parameters, CultureInfo culture)
   at System.Reflection.MethodBase.Invoke(Object obj, Object[] parameters)
   at SimpleHttpServer.REST.RESTHandler.<>c__DisplayClass0_0.<AddRoutes>b__1(HttpRequest req) in C:\Users\gbfinnes\github\dodo\SimpleHttpServer\REST\RESTHandler.cs:line 33
   at SimpleHttpServer.REST.RESTHandler.<>c__DisplayClass1_0.<WrapRawCall>b__0(HttpRequest req) in C:\Users\gbfinnes\github\dodo\SimpleHttpServer\REST\RESTHandler.cs:line 44
[19/11/2019 18:00:31]	Inner exception: 
[19/11/2019 18:00:31]	Invalid email address
[19/11/2019 18:00:31]	   at Dodo.Users.UserRESTHandler.CreateFromSchema(HttpRequest request, Object info) in C:\Users\gbfinnes\github\dodo\Dodo\Resources\Users\UserRESTHandler.cs:line 47
   at System.Dynamic.UpdateDelegates.UpdateAndExecute3[T0,T1,T2,TRet](CallSite site, T0 arg0, T1 arg1, T2 arg2)
   at SimpleHttpServer.REST.ObjectRESTHandler`1.CreateObject(HttpRequest request) in C:\Users\gbfinnes\github\dodo\SimpleHttpServer\REST\ObjectRESTHandler.cs:line 71
   at Dodo.Users.UserRESTHandler.Register(HttpRequest request) in C:\Users\gbfinnes\github\dodo\Dodo\Resources\Users\UserRESTHandler.cs:line 20
[19/11/2019 18:01:57]	Added route for Create a new working group @ newworkinggroup
[19/11/2019 18:01:57]	Added route for List all working groups @ ^workinggroups$
[19/11/2019 18:01:57]	Added route for Create a new role @ ^newrole$
[19/11/2019 18:01:57]	Added route for List all roles @ ^roles$
[19/11/2019 18:01:57]	Added route for Register a new user @ ^register
[19/11/2019 18:01:57]	Added route for Create a new rebellion @ newrebellion
[19/11/2019 18:01:57]	Added route for List all rebellions @ ^rebellions$
[19/11/2019 18:01:57]	Added route for Create a new local group @ ^newlocalgroup
[19/11/2019 18:01:57]	Added route for List all local groups @ ^localgroups$
[19/11/2019 18:02:00]	Exception has been thrown by the target of an invocation.
[19/11/2019 18:02:00]	   at System.RuntimeMethodHandle.InvokeMethod(Object target, Object[] arguments, Signature sig, Boolean constructor)
   at System.Reflection.RuntimeMethodInfo.UnsafeInvokeInternal(Object obj, Object[] parameters, Object[] arguments)
   at System.Reflection.RuntimeMethodInfo.Invoke(Object obj, BindingFlags invokeAttr, Binder binder, Object[] parameters, CultureInfo culture)
   at System.Reflection.MethodBase.Invoke(Object obj, Object[] parameters)
   at SimpleHttpServer.REST.RESTHandler.<>c__DisplayClass0_0.<AddRoutes>b__1(HttpRequest req) in C:\Users\gbfinnes\github\dodo\SimpleHttpServer\REST\RESTHandler.cs:line 33
   at SimpleHttpServer.REST.RESTHandler.<>c__DisplayClass1_0.<WrapRawCall>b__0(HttpRequest req) in C:\Users\gbfinnes\github\dodo\SimpleHttpServer\REST\RESTHandler.cs:line 44
[19/11/2019 18:02:00]	Inner exception: 
[19/11/2019 18:02:00]	Password should contain At least one upper case letter
[19/11/2019 18:02:00]	   at Dodo.Users.UserRESTHandler.CreateFromSchema(HttpRequest request, Object info) in C:\Users\gbfinnes\github\dodo\Dodo\Resources\Users\UserRESTHandler.cs:line 47
   at System.Dynamic.UpdateDelegates.UpdateAndExecute3[T0,T1,T2,TRet](CallSite site, T0 arg0, T1 arg1, T2 arg2)
   at SimpleHttpServer.REST.ObjectRESTHandler`1.CreateObject(HttpRequest request) in C:\Users\gbfinnes\github\dodo\SimpleHttpServer\REST\ObjectRESTHandler.cs:line 71
   at Dodo.Users.UserRESTHandler.Register(HttpRequest request) in C:\Users\gbfinnes\github\dodo\Dodo\Resources\Users\UserRESTHandler.cs:line 20
